<?xml version="1.0" encoding="UTF-8"?>
<testsuite name="api.igdb.request.IGDBFacadeTest" tests="4" skipped="0" failures="0" errors="0" timestamp="2021-07-01T18:03:36" hostname="DESKTOP-8AV4UDP" time="7.4">
  <properties/>
  <testcase name="testGetScreenshots()" classname="api.igdb.request.IGDBFacadeTest" time="2.327"/>
  <testcase name="testGetGames()" classname="api.igdb.request.IGDBFacadeTest" time="3.673"/>
  <testcase name="testImageSize()" classname="api.igdb.request.IGDBFacadeTest" time="0.018"/>
  <testcase name="testGetCovers()" classname="api.igdb.request.IGDBFacadeTest" time="1.357"/>
  <system-out><![CDATA[//images.igdb.com/igdb/image/upload/t_thumb/sc62g1.jpg
https://images.igdb.com/igdb/image/upload/t_720p/co1wzo.png
]]></system-out>
  <system-err><![CDATA[]]></system-err>
</testsuite>
